<?xml version="1.0" encoding="UTF-8"?>
<!-- Generated by org.testng.reporters.JUnitReportReporter -->
<testsuite hostname="LTP-APL-05293" failures="0" tests="2" name="tests.TestsExamples" time="0.964" errors="0" timestamp="2025-03-08T17:36:25 IST" skipped="0">
  <testcase classname="tests.TestsExamples" name="test_1" time="0.683"/>
  <testcase classname="tests.TestsExamples" name="test_2" time="0.281"/>
</testsuite> <!-- tests.TestsExamples -->
