<?xml version="1.0" encoding="UTF-8"?>
<!-- Generated by org.testng.reporters.JUnitReportReporter -->
<testsuite hostname="LTP-APL-05293" failures="0" tests="2" name="tests.GetAndPostExamples" time="1.433" errors="0" timestamp="2025-03-08T17:49:16 IST" skipped="0">
  <testcase classname="tests.GetAndPostExamples" name="testPost" time="0.588"/>
  <testcase classname="tests.GetAndPostExamples" name="testGet" time="0.845"/>
</testsuite> <!-- tests.GetAndPostExamples -->
