<?xml version="1.0" encoding="UTF-8"?>
<!-- Generated by org.testng.reporters.JUnitReportReporter -->
<testsuite hostname="LTP-APL-05293" failures="0" tests="3" name="tests.PutPatchAndDeleteExamples" time="1.927" errors="0" timestamp="2025-03-08T18:35:35 IST" skipped="0">
  <testcase classname="tests.PutPatchAndDeleteExamples" name="testDelete" time="1.022"/>
  <testcase classname="tests.PutPatchAndDeleteExamples" name="testPut" time="0.396"/>
  <testcase classname="tests.PutPatchAndDeleteExamples" name="testPatch" time="0.509"/>
</testsuite> <!-- tests.PutPatchAndDeleteExamples -->
