<?xml version="1.0" encoding="UTF-8"?>
<!-- Generated by org.testng.reporters.JUnitReportReporter -->
<testsuite hostname="LTP-APL-05293" failures="0" tests="1" name="tests.JSONSchemaValidator" time="0.823" errors="0" timestamp="2025-03-09T12:31:33 IST" skipped="0">
  <testcase classname="tests.JSONSchemaValidator" name="testGet" time="0.823"/>
</testsuite> <!-- tests.JSONSchemaValidator -->
